0 info it worked if it ends with ok
1 verbose cli [ 'C:\\Program Files\\nodejs\\node.exe',
1 verbose cli   'C:\\Users\\hwpepsi\\AppData\\Roaming\\npm\\node_modules\\npm\\bin\\npm-cli.js',
1 verbose cli   'run',
1 verbose cli   'dev' ]
2 info using npm@4.0.5
3 info using node@v6.9.1
4 verbose run-script [ 'predev', 'dev', 'postdev' ]
5 info lifecycle react-webpack@1.0.0~predev: react-webpack@1.0.0
6 silly lifecycle react-webpack@1.0.0~predev: no script for predev, continuing
7 info lifecycle react-webpack@1.0.0~dev: react-webpack@1.0.0
8 verbose lifecycle react-webpack@1.0.0~dev: unsafe-perm in lifecycle true
9 verbose lifecycle react-webpack@1.0.0~dev: PATH: C:\Users\hwpepsi\AppData\Roaming\npm\node_modules\npm\bin\node-gyp-bin;C:\Users\hwpepsi\Desktop\practice\react-webpack2\node_modules\.bin;C:\ProgramData\Oracle\Java\javapath;C:\Program Files (x86)\Intel\iCLS Client\;C:\Program Files\Intel\iCLS Client\;C:\WINDOWS\system32;C:\WINDOWS;C:\WINDOWS\System32\Wbem;C:\WINDOWS\System32\WindowsPowerShell\v1.0\;C:\Program Files (x86)\Intel\Intel(R) Management Engine Components\DAL;C:\Program Files\Intel\Intel(R) Management Engine Components\DAL;C:\Program Files (x86)\Intel\Intel(R) Management Engine Components\IPT;C:\Program Files\Intel\Intel(R) Management Engine Components\IPT;C:\Program Files (x86)\ATI Technologies\ATI.ACE\Core-Static;C:\Program Files\Intel\WiFi\bin\;C:\Program Files\Common Files\Intel\WirelessCommon\;C:\Program Files\nodejs\;C:\Users\hwpepsi\AppData\Local\Microsoft\WindowsApps;C:\Users\hwpepsi\AppData\Roaming\npm;C:\Program Files (x86)\SSH Communications Security\SSH Secure Shell
10 verbose lifecycle react-webpack@1.0.0~dev: CWD: C:\Users\hwpepsi\Desktop\practice\react-webpack2
11 silly lifecycle react-webpack@1.0.0~dev: Args: [ '/d /s /c', 'cross-env NODE_ENV=dev webpack-dev-server' ]
12 silly lifecycle react-webpack@1.0.0~dev: Returned: code: 3221225786  signal: null
13 info lifecycle react-webpack@1.0.0~dev: Failed to exec dev script
14 verbose stack Error: react-webpack@1.0.0 dev: `cross-env NODE_ENV=dev webpack-dev-server`
14 verbose stack Exit status 3221225786
14 verbose stack     at EventEmitter.<anonymous> (C:\Users\hwpepsi\AppData\Roaming\npm\node_modules\npm\lib\utils\lifecycle.js:279:16)
14 verbose stack     at emitTwo (events.js:106:13)
14 verbose stack     at EventEmitter.emit (events.js:191:7)
14 verbose stack     at ChildProcess.<anonymous> (C:\Users\hwpepsi\AppData\Roaming\npm\node_modules\npm\lib\utils\spawn.js:40:14)
14 verbose stack     at emitTwo (events.js:106:13)
14 verbose stack     at ChildProcess.emit (events.js:191:7)
14 verbose stack     at maybeClose (internal/child_process.js:877:16)
14 verbose stack     at Process.ChildProcess._handle.onexit (internal/child_process.js:226:5)
15 verbose pkgid react-webpack@1.0.0
16 verbose cwd C:\Users\hwpepsi\Desktop\practice\react-webpack2
17 error Windows_NT 10.0.14393
18 error argv "C:\\Program Files\\nodejs\\node.exe" "C:\\Users\\hwpepsi\\AppData\\Roaming\\npm\\node_modules\\npm\\bin\\npm-cli.js" "run" "dev"
19 error node v6.9.1
20 error npm  v4.0.5
21 error code ELIFECYCLE
22 error react-webpack@1.0.0 dev: `cross-env NODE_ENV=dev webpack-dev-server`
22 error Exit status 3221225786
23 error Failed at the react-webpack@1.0.0 dev script 'cross-env NODE_ENV=dev webpack-dev-server'.
23 error Make sure you have the latest version of node.js and npm installed.
23 error If you do, this is most likely a problem with the react-webpack package,
23 error not with npm itself.
23 error Tell the author that this fails on your system:
23 error     cross-env NODE_ENV=dev webpack-dev-server
23 error You can get information on how to open an issue for this project with:
23 error     npm bugs react-webpack
23 error Or if that isn't available, you can get their info via:
23 error     npm owner ls react-webpack
23 error There is likely additional logging output above.
24 verbose exit [ 1, true ]
